[28-Jan-2014 03:59:12 America/New_York] PHP Fatal error:  Call to undefined method Util::is_ajax() in D:\htdocs\proj1\modules\system\classes\ErrorHandler.php on line 73
[28-Jan-2014 03:59:13 America/New_York] PHP Fatal error:  Call to undefined method Util::is_ajax() in D:\htdocs\proj1\modules\system\classes\ErrorHandler.php on line 73
[28-Jan-2014 03:59:13 America/New_York] PHP Fatal error:  Call to undefined method Util::is_ajax() in D:\htdocs\proj1\modules\system\classes\ErrorHandler.php on line 73
[28-Jan-2014 03:59:13 America/New_York] PHP Fatal error:  Call to undefined method Util::is_ajax() in D:\htdocs\proj1\modules\system\classes\ErrorHandler.php on line 73
[28-Jan-2014 03:59:14 America/New_York] PHP Fatal error:  Call to undefined method Util::is_ajax() in D:\htdocs\proj1\modules\system\classes\ErrorHandler.php on line 73
[28-Jan-2014 03:59:14 America/New_York] PHP Fatal error:  Call to undefined method Util::is_ajax() in D:\htdocs\proj1\modules\system\classes\ErrorHandler.php on line 73
[28-Jan-2014 03:59:14 America/New_York] PHP Fatal error:  Call to undefined method Util::is_ajax() in D:\htdocs\proj1\modules\system\classes\ErrorHandler.php on line 73
[28-Jan-2014 03:59:14 America/New_York] PHP Fatal error:  Call to undefined method Util::is_ajax() in D:\htdocs\proj1\modules\system\classes\ErrorHandler.php on line 73
[28-Jan-2014 04:06:51 America/New_York] PHP Fatal error:  Uncaught exception 'ErrorException' with message 'Use of undefined constant MODULES_PATH - assumed 'MODULES_PATH'' in D:\htdocs\proj1\modules\system\classes\Debug.php:252
Stack trace:
#0 D:\htdocs\proj1\modules\system\classes\Debug.php(252): error_handler(8, 'Use of undefine...', 'D:\htdocs\proj1...', 252, Array)
#1 D:\htdocs\proj1\modules\system\classes\Debug.php(453): Debug::debug_path('D:\htdocs\proj1...')
#2 D:\htdocs\proj1\modules\system\classes\ErrorHandler.php(91): Debug::exception_text(Object(ErrorException))
#3 D:\htdocs\proj1\app\bootstrap.php(66): ErrorHandler::exec(Object(ErrorException))
#4 [internal function]: exception_handler(Object(ErrorException))
#5 {main}
  thrown in D:\htdocs\proj1\modules\system\classes\Debug.php on line 252
[29-Jan-2014 02:45:57 America/New_York] PHP Fatal error:  Declaration of DBSession::open() must be compatible with SessionHandlerInterface::open($save_path, $session_name) in D:\htdocs\proj1\modules\system\classes\DBSession.php on line 35
[29-Jan-2014 02:46:02 America/New_York] PHP Fatal error:  Declaration of DBSession::open() must be compatible with SessionHandlerInterface::open($save_path, $session_name) in D:\htdocs\proj1\modules\system\classes\DBSession.php on line 35
[29-Jan-2014 02:46:02 America/New_York] PHP Fatal error:  Declaration of DBSession::open() must be compatible with SessionHandlerInterface::open($save_path, $session_name) in D:\htdocs\proj1\modules\system\classes\DBSession.php on line 35
[29-Jan-2014 02:46:03 America/New_York] PHP Fatal error:  Declaration of DBSession::open() must be compatible with SessionHandlerInterface::open($save_path, $session_name) in D:\htdocs\proj1\modules\system\classes\DBSession.php on line 35
[29-Jan-2014 02:46:03 America/New_York] PHP Fatal error:  Declaration of DBSession::open() must be compatible with SessionHandlerInterface::open($save_path, $session_name) in D:\htdocs\proj1\modules\system\classes\DBSession.php on line 35
[29-Jan-2014 02:46:03 America/New_York] PHP Fatal error:  Declaration of DBSession::open() must be compatible with SessionHandlerInterface::open($save_path, $session_name) in D:\htdocs\proj1\modules\system\classes\DBSession.php on line 35
[29-Jan-2014 02:46:03 America/New_York] PHP Fatal error:  Declaration of DBSession::open() must be compatible with SessionHandlerInterface::open($save_path, $session_name) in D:\htdocs\proj1\modules\system\classes\DBSession.php on line 35
[29-Jan-2014 02:46:03 America/New_York] PHP Fatal error:  Declaration of DBSession::open() must be compatible with SessionHandlerInterface::open($save_path, $session_name) in D:\htdocs\proj1\modules\system\classes\DBSession.php on line 35
[29-Jan-2014 02:46:14 America/New_York] PHP Fatal error:  Declaration of DBSession::read() must be compatible with SessionHandlerInterface::read($key) in D:\htdocs\proj1\modules\system\classes\DBSession.php on line 35
[29-Jan-2014 02:46:55 America/New_York] PHP Fatal error:  Declaration of DBSession::destroy() must be compatible with SessionHandlerInterface::destroy($key) in D:\htdocs\proj1\modules\system\classes\DBSession.php on line 35
[04-Feb-2014 14:06:43 Asia/Shanghai] PHP Fatal error:  Cannot call constructor in D:\htdocs\proj1\modules\system\classes\Controller\Ini.php on line 6
[04-Feb-2014 14:06:49 Asia/Shanghai] PHP Fatal error:  Cannot call constructor in D:\htdocs\proj1\modules\system\classes\Controller\Ini.php on line 6
[04-Feb-2014 15:10:08 Asia/Shanghai] PHP Fatal error:  Call to undefined method Model_nav::table() in D:\htdocs\proj1\app\classes\Model\nav.php on line 13
[04-Feb-2014 16:27:52 Asia/Shanghai] PHP Fatal error:  Call to undefined method Model_product::query() in D:\htdocs\proj1\app\classes\Model\product.php on line 21
[04-Feb-2014 16:40:42 Asia/Shanghai] PHP Fatal error:  Call to undefined method Model_article::query() in D:\htdocs\proj1\app\classes\Model\article.php on line 18
[04-Feb-2014 17:34:03 Asia/Shanghai] PHP Parse error:  syntax error, unexpected '?>' in D:\htdocs\proj1\app\views\_inc\header.php on line 16
[08-Feb-2014 13:50:05 Asia/Shanghai] PHP Parse error:  syntax error, unexpected 'debug' (T_STRING), expecting ',' or ';' in D:\htdocs\proj1\app\views\_inc\about.php on line 7
[08-Feb-2014 14:04:12 Asia/Shanghai] PHP Parse error:  syntax error, unexpected end of file in D:\htdocs\proj1\app\views\_inc\link.php on line 10
[08-Feb-2014 14:05:00 Asia/Shanghai] PHP Parse error:  syntax error, unexpected end of file in D:\htdocs\proj1\app\views\_inc\link.php on line 10
[08-Feb-2014 14:30:08 Asia/Shanghai] PHP Parse error:  syntax error, unexpected end of file in D:\htdocs\proj1\app\views\_inc\link.php on line 9
[08-Feb-2014 14:37:26 Asia/Shanghai] PHP Parse error:  syntax error, unexpected 'endforeach' (T_ENDFOREACH) in D:\htdocs\proj1\app\views\_inc\link.php on line 6
[08-Feb-2014 14:38:04 Asia/Shanghai] PHP Parse error:  syntax error, unexpected 'endforeach' (T_ENDFOREACH) in D:\htdocs\proj1\app\views\_inc\link.php on line 6
[10-Feb-2014 17:38:26 Asia/Shanghai] PHP Parse error:  syntax error, unexpected end of file in D:\htdocs\proj1\app\views\_inc\link.php on line 10
[10-Feb-2014 17:38:46 Asia/Shanghai] PHP Parse error:  syntax error, unexpected end of file in D:\htdocs\proj1\app\views\_inc\link.php on line 10
[15-Feb-2014 20:58:28 Asia/Shanghai] PHP Fatal error:  Call to undefined method Model_page::query() in D:\htdocs\proj1\app\classes\Model\page.php on line 26
[15-Feb-2014 21:09:05 Asia/Shanghai] PHP Fatal error:  Call to undefined method Model_page::rewrite_url() in D:\htdocs\proj1\app\classes\Model\page.php on line 26
[15-Feb-2014 21:56:24 Asia/Shanghai] PHP Fatal error:  Call to undefined function get_page_list() in D:\htdocs\proj1\app\classes\Controller\page.php on line 19
[15-Feb-2014 21:56:47 Asia/Shanghai] PHP Fatal error:  Call to undefined function ur_here() in D:\htdocs\proj1\app\classes\Controller\page.php on line 19
[16-Feb-2014 11:57:45 Asia/Shanghai] PHP Fatal error:  Call to undefined method Controller_product::price_format() in D:\htdocs\proj1\app\classes\Controller\product.php on line 42
[16-Feb-2014 12:00:13 Asia/Shanghai] PHP Fatal error:  Call to undefined method Controller_product::price_format() in D:\htdocs\proj1\app\classes\Controller\product.php on line 43
[16-Feb-2014 12:00:40 Asia/Shanghai] PHP Fatal error:  Call to undefined method Controller_product::price_format() in D:\htdocs\proj1\app\classes\Controller\product.php on line 43
[16-Feb-2014 12:00:56 Asia/Shanghai] PHP Fatal error:  Call to undefined method Controller_product::price_format() in D:\htdocs\proj1\app\classes\Controller\product.php on line 43
[16-Feb-2014 12:22:45 Asia/Shanghai] PHP Parse error:  syntax error, unexpected 'if' (T_IF) in D:\htdocs\proj1\app\classes\Controller\product.php on line 43
[16-Feb-2014 12:23:20 Asia/Shanghai] PHP Parse error:  syntax error, unexpected 'if' (T_IF) in D:\htdocs\proj1\app\classes\Controller\product.php on line 43
[16-Feb-2014 12:23:22 Asia/Shanghai] PHP Parse error:  syntax error, unexpected 'if' (T_IF) in D:\htdocs\proj1\app\classes\Controller\product.php on line 43
[16-Feb-2014 12:52:57 Asia/Shanghai] PHP Fatal error:  Cannot use [] for reading in D:\htdocs\proj1\app\classes\Controller\product.php on line 61
[16-Feb-2014 12:53:17 Asia/Shanghai] PHP Fatal error:  Cannot use [] for reading in D:\htdocs\proj1\app\classes\Controller\product.php on line 59
[16-Feb-2014 12:53:18 Asia/Shanghai] PHP Fatal error:  Cannot use [] for reading in D:\htdocs\proj1\app\classes\Controller\product.php on line 59
[16-Feb-2014 18:39:12 Asia/Shanghai] PHP Parse error:  syntax error, unexpected end of file, expecting function (T_FUNCTION) in D:\htdocs\proj1\app\classes\Model\product.php on line 161
[16-Feb-2014 18:39:44 Asia/Shanghai] PHP Parse error:  syntax error, unexpected end of file, expecting function (T_FUNCTION) in D:\htdocs\proj1\app\classes\Model\product.php on line 161
[16-Feb-2014 21:28:50 Asia/Shanghai] PHP Fatal error:  Call to undefined function getCateInfo() in D:\htdocs\proj1\app\classes\Controller\product.php on line 10
[16-Feb-2014 21:32:55 Asia/Shanghai] PHP Fatal error:  Call to undefined method Model_product::get_one() in D:\htdocs\proj1\app\classes\Model\product.php on line 133
[16-Feb-2014 22:44:03 Asia/Shanghai] PHP Fatal error:  Call to undefined method Model_product::query() in D:\htdocs\proj1\app\classes\Model\product.php on line 154
[16-Feb-2014 22:44:26 Asia/Shanghai] PHP Fatal error:  Call to undefined method Model_product::fetch_array() in D:\htdocs\proj1\app\classes\Model\product.php on line 155
[16-Feb-2014 22:45:22 Asia/Shanghai] PHP Fatal error:  Call to undefined method Model_product::fetch_array() in D:\htdocs\proj1\app\classes\Model\product.php on line 155
[16-Feb-2014 22:55:18 Asia/Shanghai] PHP Fatal error:  Cannot use [] for reading in D:\htdocs\proj1\app\classes\Model\product.php on line 166
[17-Feb-2014 11:18:24 Asia/Shanghai] PHP Parse error:  syntax error, unexpected 'debug' (T_STRING), expecting ',' or ';' in D:\htdocs\proj1\app\views\_inc\pager.php on line 1
[17-Feb-2014 11:26:14 Asia/Shanghai] PHP Parse error:  syntax error, unexpected end of file in D:\htdocs\proj1\app\views\_inc\pager.php on line 10
[17-Feb-2014 11:26:18 Asia/Shanghai] PHP Parse error:  syntax error, unexpected end of file in D:\htdocs\proj1\app\views\_inc\pager.php on line 10
[17-Feb-2014 11:27:22 Asia/Shanghai] PHP Parse error:  syntax error, unexpected end of file in D:\htdocs\proj1\app\views\_inc\pager.php on line 10
[17-Feb-2014 11:32:20 Asia/Shanghai] PHP Parse error:  syntax error, unexpected end of file in D:\htdocs\proj1\app\views\_inc\pager.php on line 10
[17-Feb-2014 11:42:15 Asia/Shanghai] PHP Parse error:  syntax error, unexpected end of file in D:\htdocs\proj1\app\views\_inc\pager.php on line 10
[17-Feb-2014 15:44:45 Asia/Shanghai] PHP Parse error:  syntax error, unexpected end of file in D:\htdocs\proj1\app\views\_inc\pager.php on line 10
[17-Feb-2014 15:45:17 Asia/Shanghai] PHP Fatal error:  Cannot use [] for reading in D:\htdocs\proj1\app\classes\Model\page.php on line 37
[17-Feb-2014 15:45:49 Asia/Shanghai] PHP Parse error:  syntax error, unexpected end of file in D:\htdocs\proj1\app\views\_inc\pager.php on line 10
[17-Feb-2014 15:45:58 Asia/Shanghai] PHP Parse error:  syntax error, unexpected end of file in D:\htdocs\proj1\app\views\_inc\pager.php on line 10
[17-Feb-2014 15:47:25 Asia/Shanghai] PHP Parse error:  syntax error, unexpected end of file in D:\htdocs\proj1\app\views\_inc\pager.php on line 10
[17-Feb-2014 15:49:41 Asia/Shanghai] PHP Parse error:  syntax error, unexpected end of file in D:\htdocs\proj1\app\views\_inc\pager.php on line 10
[17-Feb-2014 15:49:44 Asia/Shanghai] PHP Parse error:  syntax error, unexpected end of file in D:\htdocs\proj1\app\views\_inc\pager.php on line 10
[17-Feb-2014 15:57:35 Asia/Shanghai] PHP Parse error:  syntax error, unexpected end of file in D:\htdocs\proj1\app\views\_inc\pager.php on line 12
[17-Feb-2014 15:57:36 Asia/Shanghai] PHP Parse error:  syntax error, unexpected end of file in D:\htdocs\proj1\app\views\_inc\pager.php on line 12
[17-Feb-2014 15:57:38 Asia/Shanghai] PHP Parse error:  syntax error, unexpected end of file in D:\htdocs\proj1\app\views\_inc\pager.php on line 12
[17-Feb-2014 15:57:53 Asia/Shanghai] PHP Parse error:  syntax error, unexpected end of file in D:\htdocs\proj1\app\views\_inc\pager.php on line 12
[17-Feb-2014 15:57:54 Asia/Shanghai] PHP Parse error:  syntax error, unexpected end of file in D:\htdocs\proj1\app\views\_inc\pager.php on line 12
[17-Feb-2014 15:57:55 Asia/Shanghai] PHP Parse error:  syntax error, unexpected end of file in D:\htdocs\proj1\app\views\_inc\pager.php on line 12
[17-Feb-2014 15:57:57 Asia/Shanghai] PHP Parse error:  syntax error, unexpected end of file in D:\htdocs\proj1\app\views\_inc\pager.php on line 12
[17-Feb-2014 15:57:59 Asia/Shanghai] PHP Parse error:  syntax error, unexpected end of file in D:\htdocs\proj1\app\views\_inc\pager.php on line 12
[17-Feb-2014 15:58:15 Asia/Shanghai] PHP Parse error:  syntax error, unexpected end of file in D:\htdocs\proj1\app\views\_inc\pager.php on line 12
[17-Feb-2014 15:58:29 Asia/Shanghai] PHP Parse error:  syntax error, unexpected end of file in D:\htdocs\proj1\app\views\_inc\pager.php on line 12
[17-Feb-2014 15:58:32 Asia/Shanghai] PHP Parse error:  syntax error, unexpected end of file in D:\htdocs\proj1\app\views\_inc\pager.php on line 12
[17-Feb-2014 15:58:51 Asia/Shanghai] PHP Parse error:  syntax error, unexpected end of file in D:\htdocs\proj1\app\views\_inc\pager.php on line 12
[17-Feb-2014 15:58:52 Asia/Shanghai] PHP Parse error:  syntax error, unexpected end of file in D:\htdocs\proj1\app\views\_inc\pager.php on line 12
[17-Feb-2014 15:58:53 Asia/Shanghai] PHP Parse error:  syntax error, unexpected end of file in D:\htdocs\proj1\app\views\_inc\pager.php on line 12
[17-Feb-2014 15:58:55 Asia/Shanghai] PHP Parse error:  syntax error, unexpected end of file in D:\htdocs\proj1\app\views\_inc\pager.php on line 12
[17-Feb-2014 16:00:43 Asia/Shanghai] PHP Fatal error:  Using $this when not in object context in D:\htdocs\proj1\app\views\_inc\pager.php on line 2
[17-Feb-2014 16:14:05 Asia/Shanghai] PHP Fatal error:  Cannot use object of type Page as array in D:\htdocs\proj1\app\views\_inc\pager.php on line 2
[17-Feb-2014 16:14:44 Asia/Shanghai] PHP Fatal error:  Function name must be a string in D:\htdocs\proj1\app\views\_inc\pager.php on line 2
[17-Feb-2014 16:15:15 Asia/Shanghai] PHP Fatal error:  Cannot use object of type Page as array in D:\htdocs\proj1\app\views\_inc\pager.php on line 2
[17-Feb-2014 16:23:39 Asia/Shanghai] PHP Fatal error:  Cannot use object of type Page as array in D:\htdocs\proj1\app\views\_inc\pager.php on line 2
[17-Feb-2014 16:30:32 Asia/Shanghai] PHP Parse error:  syntax error, unexpected ',' in D:\htdocs\proj1\app\classes\Model\product.php on line 111
[17-Feb-2014 18:00:03 Asia/Shanghai] PHP Fatal error:  Call to undefined method Page::pageShow() in D:\htdocs\proj1\app\views\_inc\pager.php on line 5
[17-Feb-2014 18:03:51 Asia/Shanghai] PHP Fatal error:  Using $this when not in object context in D:\htdocs\proj1\app\views\_inc\pager.php on line 2
[17-Feb-2014 18:10:19 Asia/Shanghai] PHP Fatal error:  Cannot use object of type Page as array in D:\htdocs\proj1\app\views\_inc\pager.php on line 2
[17-Feb-2014 18:11:08 Asia/Shanghai] PHP Fatal error:  Using $this when not in object context in D:\htdocs\proj1\app\views\_inc\pager.php on line 2
[17-Feb-2014 18:12:48 Asia/Shanghai] PHP Fatal error:  Call to undefined method Page::pageShow() in D:\htdocs\proj1\app\views\_inc\pager.php on line 2
[17-Feb-2014 18:13:40 Asia/Shanghai] PHP Fatal error:  Cannot use object of type Page as array in D:\htdocs\proj1\app\views\_inc\pager.php on line 2
[17-Feb-2014 18:15:19 Asia/Shanghai] PHP Fatal error:  Call to undefined method Page::links() in D:\htdocs\proj1\app\views\_inc\pager.php on line 2
[19-Feb-2014 19:03:42 Asia/Shanghai] PHP Fatal error:  Call to undefined method Model_product::product_list() in D:\htdocs\proj1\app\classes\Controller\product.php on line 24
[19-Feb-2014 19:09:50 Asia/Shanghai] PHP Parse error:  syntax error, unexpected ')', expecting '=' in D:\htdocs\proj1\app\classes\Controller\product.php on line 24
[19-Feb-2014 19:44:49 Asia/Shanghai] PHP Fatal error:  First array member is not a valid class name or object in D:\htdocs\proj1\app\classes\Controller\product.php on line 18
[19-Feb-2014 19:51:20 Asia/Shanghai] PHP Fatal error:  Cannot use object of type Model_product as array in D:\htdocs\proj1\app\classes\Controller\product.php on line 36
[19-Feb-2014 20:04:17 Asia/Shanghai] PHP Parse error:  syntax error, unexpected 'debug' (T_STRING), expecting function (T_FUNCTION) in D:\htdocs\proj1\app\classes\Controller\article.php on line 5
[20-Feb-2014 14:46:28 Asia/Shanghai] PHP Parse error:  syntax error, unexpected 'debug' (T_STRING), expecting function (T_FUNCTION) in D:\htdocs\proj1\modules\system\classes\Controller\Ini.php on line 13
[20-Feb-2014 16:25:28 Asia/Shanghai] PHP Parse error:  syntax error, unexpected end of file in D:\htdocs\proj1\app\views\product\show.php on line 54
[20-Feb-2014 19:37:54 Asia/Shanghai] PHP Parse error:  syntax error, unexpected 'endif' (T_ENDIF) in D:\htdocs\proj1\app\views\_inc\ur_here.php on line 4
[20-Feb-2014 19:38:02 Asia/Shanghai] PHP Parse error:  syntax error, unexpected 'endif' (T_ENDIF) in D:\htdocs\proj1\app\views\_inc\ur_here.php on line 4
[20-Feb-2014 19:51:37 Asia/Shanghai] PHP Parse error:  syntax error, unexpected end of file in D:\htdocs\proj1\app\views\product\show.php on line 63
[20-Feb-2014 20:58:36 Asia/Shanghai] PHP Parse error:  syntax error, unexpected '' (T_ENCAPSED_AND_WHITESPACE), expecting identifier (T_STRING) or variable (T_VARIABLE) or number (T_NUM_STRING) in D:\htdocs\proj1\app\classes\Controller\product.php on line 62
[21-Feb-2014 10:19:22 Asia/Shanghai] PHP Parse error:  syntax error, unexpected 'debug' (T_STRING), expecting function (T_FUNCTION) in D:\htdocs\proj1\app\classes\Model\product.php on line 50
[21-Feb-2014 10:47:09 Asia/Shanghai] PHP Parse error:  syntax error, unexpected '$price_format' (T_VARIABLE) in D:\htdocs\proj1\app\classes\Model\product.php on line 176
[21-Feb-2014 11:15:03 Asia/Shanghai] PHP Fatal error:  Cannot use object of type Model_article as array in D:\htdocs\proj1\app\classes\Controller\article.php on line 9
[21-Feb-2014 18:42:45 Asia/Shanghai] PHP Fatal error:  Call to undefined method Model_article::rewrite_url() in D:\htdocs\proj1\app\classes\Model\article.php on line 43
[21-Feb-2014 18:43:31 Asia/Shanghai] PHP Fatal error:  Call to undefined method Model_article::rewrite_url() in D:\htdocs\proj1\app\classes\Model\article.php on line 43
[21-Feb-2014 18:43:33 Asia/Shanghai] PHP Fatal error:  Call to undefined method Model_article::rewrite_url() in D:\htdocs\proj1\app\classes\Model\article.php on line 43
[21-Feb-2014 18:54:06 Asia/Shanghai] PHP Fatal error:  Cannot use [] for reading in D:\htdocs\proj1\app\classes\Controller\article.php on line 24
[21-Feb-2014 19:19:07 Asia/Shanghai] PHP Parse error:  syntax error, unexpected ';', expecting ')' in D:\htdocs\proj1\app\classes\Controller\article.php on line 26
[21-Feb-2014 19:53:07 Asia/Shanghai] PHP Fatal error:  Function name must be a string in D:\htdocs\proj1\app\classes\Model\article.php on line 99
[21-Feb-2014 21:25:08 Asia/Shanghai] PHP Fatal error:  Call to undefined method Model_article::getCateInfo() in D:\htdocs\proj1\app\classes\Controller\article.php on line 11
[22-Feb-2014 11:45:34 Asia/Shanghai] PHP Fatal error:  Cannot use object of type Model_article as array in D:\htdocs\proj1\app\classes\Controller\article.php on line 27
[22-Feb-2014 11:46:13 Asia/Shanghai] PHP Fatal error:  Cannot use object of type Model_article as array in D:\htdocs\proj1\app\classes\Controller\article.php on line 27
[22-Feb-2014 11:46:14 Asia/Shanghai] PHP Fatal error:  Cannot use object of type Model_article as array in D:\htdocs\proj1\app\classes\Controller\article.php on line 27
[22-Feb-2014 11:50:31 Asia/Shanghai] PHP Fatal error:  Cannot use object of type Model_article as array in D:\htdocs\proj1\app\classes\Controller\article.php on line 23
[22-Feb-2014 11:57:12 Asia/Shanghai] PHP Fatal error:  Call to undefined method Model_article::getCateInfo() in D:\htdocs\proj1\app\classes\Controller\article.php on line 11
[22-Feb-2014 11:57:33 Asia/Shanghai] PHP Fatal error:  Call to undefined method Model_article::getCateInfo() in D:\htdocs\proj1\app\classes\Controller\article.php on line 11
[22-Feb-2014 11:57:34 Asia/Shanghai] PHP Fatal error:  Call to undefined method Model_article::getCateInfo() in D:\htdocs\proj1\app\classes\Controller\article.php on line 11
[22-Feb-2014 11:57:40 Asia/Shanghai] PHP Fatal error:  Call to undefined method Model_article::getCateInfo() in D:\htdocs\proj1\app\classes\Controller\article.php on line 11
[22-Feb-2014 11:57:41 Asia/Shanghai] PHP Fatal error:  Call to undefined method Model_article::getCateInfo() in D:\htdocs\proj1\app\classes\Controller\article.php on line 11
[22-Feb-2014 11:57:42 Asia/Shanghai] PHP Fatal error:  Call to undefined method Model_article::getCateInfo() in D:\htdocs\proj1\app\classes\Controller\article.php on line 11
[22-Feb-2014 12:03:19 Asia/Shanghai] PHP Fatal error:  Call to undefined method Model_product::getArticle() in D:\htdocs\proj1\app\classes\Controller\article.php on line 23
[22-Feb-2014 12:04:28 Asia/Shanghai] PHP Fatal error:  Call to undefined method Model_article::getArticle() in D:\htdocs\proj1\app\classes\Controller\article.php on line 23
[23-Feb-2014 12:08:08 Asia/Shanghai] PHP Fatal error:  Uncaught exception 'ErrorException' with message 'Argument 1 passed to Xe\ErrorHandler::exec() must be an instance of Xe\Exception, instance of ErrorException given, called in D:\htdocs\proj1\app\bootstrap.php on line 58 and defined' in D:\htdocs\proj1\modules\system\classes\Xe\ErrorHandler.php:8
Stack trace:
#0 D:\htdocs\proj1\modules\system\classes\Xe\ErrorHandler.php(8): error_handler(4096, 'Argument 1 pass...', 'D:\htdocs\proj1...', 8, Array)
#1 D:\htdocs\proj1\app\bootstrap.php(58): Xe\ErrorHandler::exec(Object(ErrorException))
#2 [internal function]: exception_handler(Object(ErrorException))
#3 {main}
  thrown in D:\htdocs\proj1\modules\system\classes\Xe\ErrorHandler.php on line 8
[23-Feb-2014 12:08:31 Asia/Shanghai] PHP Fatal error:  Call to undefined function logger_layout_common() in D:\htdocs\proj1\modules\system\classes\Xe\Logger.php on line 202
[23-Feb-2014 12:46:16 Asia/Shanghai] PHP Fatal error:  Cannot declare class Dou\Controller\product because the name is already in use in D:\htdocs\proj1\app\classes\Dou\Controller\product.php on line 5
[23-Feb-2014 12:46:24 Asia/Shanghai] PHP Fatal error:  Cannot declare class Dou\Controller\page because the name is already in use in D:\htdocs\proj1\app\classes\Dou\Controller\page.php on line 5
[23-Feb-2014 12:48:03 Asia/Shanghai] PHP Fatal error:  Cannot declare class Dou\Controller\product because the name is already in use in D:\htdocs\proj1\app\classes\Dou\Controller\product.php on line 5
[23-Feb-2014 13:24:20 Asia/Shanghai] PHP Fatal error:  Cannot declare class Dou\Controller\Article because the name is already in use in D:\htdocs\proj1\app\classes\Dou\Controller\article.php on line 6
[23-Feb-2014 13:32:44 Asia/Shanghai] PHP Fatal error:  Cannot declare class Dou\Controller\Article because the name is already in use in D:\htdocs\proj1\app\classes\Dou\Controller\article.php on line 6
[23-Feb-2014 20:45:05 Asia/Shanghai] PHP Fatal error:  Call to undefined function empy() in D:\htdocs\proj1\app\bootstrap.php on line 140
[24-Feb-2014 10:00:19 Asia/Shanghai] PHP Parse error:  syntax error, unexpected '/' in D:\htdocs\proj1\app\classes\Dou\Model\nav.php on line 91
[24-Feb-2014 10:34:27 Asia/Shanghai] PHP Parse error:  syntax error, unexpected 'protected' (T_PROTECTED) in D:\htdocs\proj1\app\classes\Dou\admin\Controller\login.php on line 14
[24-Feb-2014 19:33:35 Asia/Shanghai] PHP Parse error:  syntax error, unexpected '=' in D:\htdocs\proj1\app\views\admin\login.php on line 1
[24-Feb-2014 19:35:00 Asia/Shanghai] PHP Fatal error:  Using $this when not in object context in D:\htdocs\proj1\app\views\admin\login.php on line 1
[25-Feb-2014 10:58:40 Asia/Shanghai] PHP Parse error:  syntax error, unexpected 'debug' (T_STRING), expecting function (T_FUNCTION) in D:\htdocs\proj1\app\classes\Dou\admin\Controller\login.php on line 7
